"TimeCreated","Id","LevelDisplayName","ProviderName","RecordId","MachineName","Message"
"24/09/2026 11:29:33","53504","Information","Microsoft-Windows-PowerShell","1745","DESKTOP-PCML6D5","Windows PowerShell has started an IPC listening thread on process: 39008 in AppDomain: wapshost."
"24/09/2026 11:29:21","53504","Information","Microsoft-Windows-PowerShell","1744","DESKTOP-PCML6D5","Windows PowerShell has started an IPC listening thread on process: 17636 in AppDomain: wapshost."
"21/09/2026 11:11:30","4104","Warning","Microsoft-Windows-PowerShell","1743","DESKTOP-PCML6D5","Creating Scriptblock text (1 of 1):
# Copyright © 2008, Microsoft Corporation. All rights reserved.


#Common utility functions
Import-LocalizedData -BindingVariable localizationString -FileName CL_LocalizationData

# Function to get user troubleshooting history
function Get-UserTSHistoryPath {
    return ""${env:localappdata}\diagnostics""
}

# Function to get admin troubleshooting history
function Get-AdminTSHistoryPath {
    return ""${env:localappdata}\elevateddiagnostics""
}

# Function to get user report folder path
function Get-UserReportPath {
    return ""${env:localappdata}\Microsoft\Windows\WER\ReportQueue""
}

# Function to get system report folder path
function Get-MachineReportPath {
    return ""${env:AllUsersProfile}\Microsoft\Windows\WER\ReportQueue""
}

# Function to get threshold to check whether a folder is old
function Get-ThresholdForCheckOlderFile {
    [int]$threshold = -1
    return $threshold
}

# Function to get threshold for deleting WER folder
function Get-ThresholdForFileDeleting() {
    [string]$registryEntryPath = ""HKLM:\SOFTWARE\Microsoft\Windows\Windows Error Reporting""
    [string]$registryEntryName = ""PurgeThreshholdValueInKB""
    [double]$defaultValue = 10.0

    return Get-RegistryValue $registryEntryPath $registryEntryName $defaultValue
}

# Function to get the size of a directory in kb
function Get-FolderSize([string]$folder = $(throw ""No folder is specified"")) {
    if([String]::IsNullOrEmpty($folder) -or (-not(Test-Path $folder))) {
        return 0
    }

    if(-not $Global:DirectoryObject) {
        $Global:DirectoryObject = New-Object -comobject ""Scripting.FileSystemObject""
    }

    return ($Global:DirectoryObject.GetFolder($folder).Size) / 1kb
}

# Function to delete a folder
function Delete-Folder([string]$folder = $(throw ""No folder is specified"")) {
    if([String]::IsNullOrEmpty($folder) -or (-not(Test-Path $folder))) {
        return
    }

    Remove-Item -literalPath $folder -Recurse -Force
}

# Function to delete old folders
function Delete-OldFolders($folder=$(throw ""No folder is specified"")) {
    if(($folder -eq $null) -or (-not(Test-Path $folder))) {
        return
    }

    [int]$threshold = Get-ThresholdForCheckOlderFile
    $folders = Get-ChildItem -LiteralPath ($folder.FullName) -Force | Where-Object {$_.PSIsContainer}
    if($folders -ne $null) {
        foreach($folder in $folders) {
            if((($folder.CreationTime).CompareTo((Get-Date).AddMonths($threshold))) -lt 0) {
                Delete-Folder ($folder.FullName)
            } else {
                Delete-OldFolders (Get-Item ($folder.FullName))
            }
        }
    }
}

# Function to get registry value
function Get-RegistryValue([string]$registryEntryPath = $(throw ""No registry entry path is specified""), [string]$registryEntryName = $(throw ""No registry entry name is specified""), [double]$defaultValue = 0.0) {
    [double]$registryEntryValue = $defaultValue

    $registryEntry = Get-ItemProperty -Path $registryEntryPath -Name $registryEntryName
    if($registryEntry -ne $null) {
        $registryEntryValue = $registryEntry.$registryEntryName
    }

	return $registryEntryValue
}

# Function to get the percentage that WER queue can take up
function Get-Percentage() {
    [string]$registryEntryPath = ""HKLM:\SOFTWARE\Microsoft\Windows\Windows Error Reporting""
    [string]$registryEntryName = ""MaxQueueSizePercentage""
    [double]$defaultValue = 100.0

    return Get-RegistryValue $registryEntryPath $registryEntryName $defaultValue
}

# Function to get free disk space on machine
function Get-FreeSpace {
    [double]$freeSpace = 0.0
    [string]$wql = ""SELECT * FROM Win32_LogicalDisk WHERE MediaType=12""
    $drives = Get-WmiObject -query $wql
    if($null -ne $drives) {
        foreach($drive in $drives) {
            $freeSpace += ($drive.freeSpace)
        }
    }

    return ($freeSpace / 1KB)
}

# Function to get all unnecessary files
function Get-UnnecessaryFiles([string]$folder = $(throw ""No folder is specified"")) {
    if([String]::IsNullOrEmpty($folder) -or (-not(Test-Path $folder))) {
        return $null
    }

    [int]$threshold = Get-ThresholdForCheckOlderFile

    return (Get-ChildItem -literalPath $folder -Recurse -Force | Where-Object {($_.PSIsContainer) -and ((($_.CreationTime).CompareTo((Get-Date).AddMonths($threshold))) -lt 0)})
}

# Function to format disk space (KB -> MB)
function Format-DiskSpaceMB([double]$space = $(throw ""No space is specified"")) {
    return [string]([Math]::Round(($space / 1KB), 3))
}

# Function to format disk space (B -> GB)
Function Format-DiskSpaceGB([double]$space = $(throw ""No space is specified"")) {
    return [string]([Math]::Round(($space / 1GB), 3))
}

# Function to attach item to the list with delimiter ""/""
function AttachTo-List([string]$list = $(throw ""No list is specified""), [string]$item = $(throw ""No item is specified""))
{
    if([String]::IsNullOrEmpty($list))
    {
        return $item
    }

    if([String]::IsNullOrEmpty($item))
    {
        return $list
    }

    return $list + ""/"" + $item
}

# Function to parse the the list with delimiter ""/""
function Parse-List([string]$list = $(throw ""No list is specified""))
{
    if($list -eq $null)
    {
        return $null
    }

    return $list.Split(""/"", [StringSplitOptions]::RemoveEmptyEntries)
}

# Function to get list length
function Get-ListLength([string]$list = $(throw ""No list is specified""))
{
    if($list -eq $null)
    {
        return 0
    }

    $result = Parse-List $list

    if($result -is [string])
    {
        return 1
    }
    elseif($result -is [object[]])
    {
        return $result.count
    }
    else
    {
        return 0
    }
}

# Function to convert to WQL path
function ConvertTo-WQLPath([string]$wqlPath = $(throw ""No WQL path is specified""))
{
    if($wqlPath -eq $null)
    {
        return """"
    }

    return $wqlPath.Replace(""\"", ""\\"")
}

# Function to check whether the shortcut is valid
function Test-ValidLink([Wmi]$wmiLinkFile = $(throw ""No WMI link file is specified""))
{
    if(($wmiLinkFile -eq $null) -or ([String]::IsNullOrEmpty($wmiLinkFile.Target)))
    {
        return $false
    }

    return Test-Path $wmiLinkFile.Target
}

# Function to chech whether have permission to delete the shortcut file
function Test-Delete([Wmi]$wmiLinkFile = $(throw ""No WMI link file is specified""))
{
    if($wmiLinkFile -eq $null)
    {
        return $false
    }

    return ($wmiLinkFile.AccessMask -band 0x10000) -eq 0x10000
}

# Function to get desktop path
function Get-DesktopPath()
{
$methodDefinition = @""
    public static string GetDesktopPath
    {
        get
        {
            return Environment.GetFolderPath(Environment.SpecialFolder.DesktopDirectory);
        }
    }
""@

    $type = Add-Type -MemberDefinition $methodDefinition -Name ""DesktopPath"" -PassThru

    return $type::GetDesktopPath
}

# Function to get startup path
function Get-StartupPath()
{
$methodDefinition = @""
    public static string GetStartupPath
    {
        get
        {
            return Environment.GetFolderPath(Environment.SpecialFolder.Startup);
        }
    }
""@

    $type = Add-Type -MemberDefinition $methodDefinition -Name ""StartupPath"" -PassThru

    return $type::GetStartupPath
}

# Function to remove all files in the list
function Remove-FileList([string]$list = $(throw ""No list is specified""))
{
    if([String]::IsNullOrEmpty($list))
    {
        return
    }

    try
    {
        Parse-List $list | Foreach-Object {
            if(-not([String]::IsNullOrEmpty($_)))
            {
                Remove-Item $_ -Force
            }
        }
    }
    catch
    {
        $_ | ConvertTo-Xml | Update-DiagReport -id DeleteFileExceptions -Name $localizationString.filesFailToRemove_name -Description $localizationString.filesFailToRemove_description -Verbosity Warning
    }
}

# Function to get the last access time of an Icon
function Get-LastAccessTime([string]$filePath = $(throw ""No file path is specified""))
{
    if([String]::IsNullOrEmpty($filePath) -or -not(Test-Path $filePath))
    {
        throw ""No file path found""
    }

$typeDefinition = @""

using System;
using System.Collections.Generic;
using System.Runtime.InteropServices;
using ComType = System.Runtime.InteropServices.ComTypes;

public sealed class FileInfo
{
    private FileInfo()
    {
    }

    [StructLayout(LayoutKind.Sequential, CharSet = CharSet.Unicode)]
    struct UAINFO
    {
        internal int cbSize;
        internal int dwMask;
        internal float R;
        internal uint cLaunches;
        internal uint cSwitches;
        internal int dwTime;
        internal ComType.FILETIME ftExecute;
        [MarshalAs(UnmanagedType.Bool)] internal bool fExcludeFromMFU;

        internal UAINFO(int dwMask)
        {
            this.cbSize = Marshal.SizeOf(typeof(UAINFO));
            this.dwMask = dwMask;
            this.R = 0;
            this.cLaunches = 0;
            this.cSwitches = 0;
            this.dwTime = 0;
            this.ftExecute = new ComType.FILETIME();
            this.fExcludeFromMFU = false;
        }
    }

    internal const int UAIM_FILETIME = 1;
    internal static Guid UAIID_SHORTCUTS = new Guid(""F4E57C4B-2036-45F0-A9AB-443BCFE33D9F"");

    [ComImport, Guid(""90D75131-43A6-4664-9AF8-DCCEB85A7462""), InterfaceType(ComInterfaceType.InterfaceIsIUnknown)]
    interface IShellUserAssist
    {
        int FireEvent(ref Guid pguidGrp, int eCmd, string pszPath, int dwTimeElapsed);
        int QueryEntry(ref Guid pguidGrp, string pszPath, ref UAINFO pui);
        int SetEntry(ref Guid pguidGrp, string pszPath, ref UAINFO pui);
        int RenameEntry(ref Guid pguidGrp, string pszFrom, string pszTo);
        int DeleteEntry(ref Guid pguidGrp, string pszPath);
        int Enable(bool fEnable);
    }

    [ComImport, Guid(""DD313E04-FEFF-11d1-8ECD-0000F87A470C"")]
    internal class UserAssist { }

    public static DateTime GetLastAccessTime(string filePath)
    {
        if(String.IsNullOrEmpty(filePath))
        {
            throw new ArgumentException(""The file path is null or empty"");
        }

        UAINFO uaInfo = new UAINFO(UAIM_FILETIME);
        IShellUserAssist iShellUserAssist = new UserAssist() as IShellUserAssist;
        if (iShellUserAssist == null)
        {
            throw new InvalidOperationException(""Can't get iShellUserAssist interface"");
        }

        try
        {
            Marshal.ThrowExceptionForHR(iShellUserAssist.QueryEntry(ref UAIID_SHORTCUTS, filePath, ref uaInfo));
        }
        catch
        {
            throw new InvalidOperationException(""Can't query info about"" + filePath);
        }

        long fileTime = (((long)uaInfo.ftExecute.dwHighDateTime) << 32) + uaInfo.ftExecute.dwLowDateTime;

        return DateTime.FromFileTime(fileTime);
    }
}
""@

    $type = Add-Type -TypeDefinition $typeDefinition -PassThru

    return $type[0]::GetLastAccessTime($filePath)
}

# Function to check whether the icon is pointing to a file
function Test-FileShortcut([Wmi]$wmiLinkFile = $(throw ""No wmi link file is specified""))
{
    if($wmiLinkFile -eq $null)
    {
        return $false
    }

    [string]$target = $wmiLinkFile.Target
    if([String]::IsNullOrEmpty($target) -or -not(Test-Path $target))
    {
        return $false
    }

    return -not((Get-Item $target).PSIsContainer)
}

# Function to create a choice in interaction page
function Get-Choice([string]$name = $(throw ""No choice name is specified""), [string]$description = $(throw ""No choice description is specified""),
                   [string]$value = $(throw ""No choice value is specified""), [xml]$extension)
{
    return @{""Name""=$name;""Description""=$description;""Value""=$value;""ExtensionPoint""=$extension.InnerXml}
}

# Function to check whether the current machine is domain joined
Function Test-DomainJoined()
{
    return (Get-WmiObject -query ""select * from win32_ntdomain where Status ='OK'"") -ne $null
}

# Function to update time source
Function Update-TimeSource([string]$timeSource = $(throw ""No time source is specified""))
{
    w32tm.exe /config /update /manualpeerlist:""$timeSource""
}

# Function to get system drive info
function Get-SystemDriveInfo() {
    [string]$wql = ""SELECT * FROM Win32_LogicalDisk WHERE MediaType=12 AND Name = '"" + ${env:systemdrive} + ""'""
    return Get-WmiObject -query $wql
}

# Function to get time service status
function Get-ServiceStatus([string]$serviceName=$(throw ""No service name is specified"")) {
   [bool]$startService = $true

   [WMI]$timeService = @(Get-WmiObject -Query ""Select * From Win32_Service Where Name = `""$serviceName`"""")[0]
   if($null -ne $timeService) {
      [ServiceProcess.ServiceControllerStatus]$timeServicesStatus = (Get-Service $serviceName).Status
      if(([ServiceProcess.ServiceControllerStatus]::Stopped -eq $timeServicesStatus) -or ([ServiceProcess.ServiceControllerStatus]::StopPending -eq $timeServicesStatus)) {
         $startService = $false
      }
   }

   return $startService
}

# Function to wait for expected service status
function WaitFor-ServiceStatus([string]$serviceName=$(throw ""No service name is specified""), [ServiceProcess.ServiceControllerStatus]$serviceStatus=$(throw ""No service status is specified"")) {
    [ServiceProcess.ServiceController]$sc = New-Object ""ServiceProcess.ServiceController"" $serviceName
    [TimeSpan]$timeOut = New-Object TimeSpan(0,0,0,5,0)
    $sc.WaitForStatus($serviceStatus, $timeOut)
}

ScriptBlock ID: 1325b5db-6540-44b6-a470-e5c6bd616ea1
Path: C:\WINDOWS\TEMP\SDIAG_78d596f6-efa1-40f2-82c4-e282205f41f3\CL_Utility.ps1"
"21/09/2026 11:11:29","53504","Information","Microsoft-Windows-PowerShell","1742","DESKTOP-PCML6D5","Windows PowerShell has started an IPC listening thread on process: 21976 in AppDomain: DefaultAppDomain."
"17/09/2026 13:28:54","4100","Warning","Microsoft-Windows-PowerShell","1741","DESKTOP-PCML6D5","Error Message = The remote name could not be resolved: 'get.activated.win'
Fully Qualified Error ID = WebCmdletWebResponseException,Microsoft.PowerShell.Commands.InvokeRestMethodCommand


Context:
        Severity = Warning
        Host Name = ConsoleHost
        Host Version = 5.1.22621.4249
        Host ID = a831e718-3fdd-4592-80f6-d6f0a5e98694
        Host Application = C:\WINDOWS\System32\WindowsPowerShell\v1.0\powershell.exe
        Engine Version = 5.1.22621.4249
        Runspace ID = 94cd6062-9b86-4f52-9604-f6e787966419
        Pipeline ID = 5
        Command Name = Invoke-RestMethod
        Command Type = Cmdlet
        Script Name = 
        Command Path = 
        Sequence Number = 15
        User = DESKTOP-PCML6D5\Ifean
        Connected User = 
        Shell ID = Microsoft.PowerShell


User Data:

"
"17/09/2026 13:24:00","40962","Information","Microsoft-Windows-PowerShell","1740","DESKTOP-PCML6D5","PowerShell console is ready for user input"
"17/09/2026 13:23:59","53504","Information","Microsoft-Windows-PowerShell","1739","DESKTOP-PCML6D5","Windows PowerShell has started an IPC listening thread on process: 23160 in AppDomain: DefaultAppDomain."
"17/09/2026 13:23:59","40961","Information","Microsoft-Windows-PowerShell","1738","DESKTOP-PCML6D5","PowerShell console is starting up"
"16/09/2026 13:40:10","4100","Warning","Microsoft-Windows-PowerShell","1737","DESKTOP-PCML6D5","Error Message = {""error"":{""code"":""BadRequest"",""message"":""Error executing cmdlet"",""details"":[{""code"":""Client"",""message"":""{\""Properties\"":{\""message\"":{\""Value\"":\""This operation is not required. Organization is already enabled for customization.\"",\""TypeAnnotation\"":null},\""type\"":{\""Value\"":\""System.InvalidOperationException\"",\""TypeAnnotation\"":null},\""stacktrace\"":{\""TypeAnnotation\"":null}},\""Message\"":\""This operation is not required. Organization is already enabled for customization.\"",\""TypeName\"":\""System.InvalidOperationException\"",\""StackTrace\"":null,\""InnerError\"":null}"",""target"":""""}],""innererror"":{""message"":""Error executing cmdlet"",""type"":""Microsoft.Exchange.Admin.OData.Core.ODataServiceException"",""internalexception"":{""message"":""Exception of type 'Microsoft.Exchange.Management.PSDirectInvoke.DirectInvokeCmdletExecutionException' was thrown."",""type"":""Microsoft.Exchange.Management.PSDirectInvoke.DirectInvokeCmdletExecutionException""}},""adminapi.warnings@odata.type"":""#Collection(String)"",""@adminapi.warnings"":[]}}
Fully Qualified Error ID = WebCmdletWebResponseException,Microsoft.PowerShell.Commands.InvokeWebRequestCommand
Recommended Action = 


Context:
        Severity = Warning
        Host Name = ConsoleHost
        Host Version = 5.1.22621.4249
        Host ID = afa21db9-3e6a-47c7-8c44-68120777e3c4
        Host Application = C:\WINDOWS\System32\WindowsPowerShell\v1.0\powershell.exe
        Engine Version = 5.1.22621.4249
        Runspace ID = 3491d531-fcb8-4408-b7fa-79e2aaa4b21b
        Pipeline ID = 349
        Command Name = Invoke-WebRequest
        Command Type = Cmdlet
        Script Name = C:\Users\Ifean\AppData\Local\Temp\tmpEXO_3aaxdwt2.xkf\tmpEXO_3aaxdwt2.xkf.psm1
        Command Path = 
        Sequence Number = 26
        User = DESKTOP-PCML6D5\Ifean
        Connected User = 
        Shell ID = Microsoft.PowerShell


User Data:

"
"16/09/2026 13:39:57","4100","Warning","Microsoft-Windows-PowerShell","1736","DESKTOP-PCML6D5","Error Message = {""error"":{""code"":""BadRequest"",""message"":""Error executing cmdlet"",""details"":[{""code"":""Client"",""message"":""{\""Properties\"":{\""message\"":{\""Value\"":\""This operation is not required. Organization is already enabled for customization.\"",\""TypeAnnotation\"":null},\""type\"":{\""Value\"":\""System.InvalidOperationException\"",\""TypeAnnotation\"":null},\""stacktrace\"":{\""TypeAnnotation\"":null}},\""Message\"":\""This operation is not required. Organization is already enabled for customization.\"",\""TypeName\"":\""System.InvalidOperationException\"",\""StackTrace\"":null,\""InnerError\"":null}"",""target"":""""}],""innererror"":{""message"":""Error executing cmdlet"",""type"":""Microsoft.Exchange.Admin.OData.Core.ODataServiceException"",""internalexception"":{""message"":""Exception of type 'Microsoft.Exchange.Management.PSDirectInvoke.DirectInvokeCmdletExecutionException' was thrown."",""type"":""Microsoft.Exchange.Management.PSDirectInvoke.DirectInvokeCmdletExecutionException""}},""adminapi.warnings@odata.type"":""#Collection(String)"",""@adminapi.warnings"":[]}}
Fully Qualified Error ID = WebCmdletWebResponseException,Microsoft.PowerShell.Commands.InvokeWebRequestCommand
Recommended Action = 


Context:
        Severity = Warning
        Host Name = ConsoleHost
        Host Version = 5.1.22621.4249
        Host ID = afa21db9-3e6a-47c7-8c44-68120777e3c4
        Host Application = C:\WINDOWS\System32\WindowsPowerShell\v1.0\powershell.exe
        Engine Version = 5.1.22621.4249
        Runspace ID = 3491d531-fcb8-4408-b7fa-79e2aaa4b21b
        Pipeline ID = 346
        Command Name = Invoke-WebRequest
        Command Type = Cmdlet
        Script Name = C:\Users\Ifean\AppData\Local\Temp\tmpEXO_3aaxdwt2.xkf\tmpEXO_3aaxdwt2.xkf.psm1
        Command Path = 
        Sequence Number = 25
        User = DESKTOP-PCML6D5\Ifean
        Connected User = 
        Shell ID = Microsoft.PowerShell


User Data:

"
"16/09/2026 13:34:45","4100","Warning","Microsoft-Windows-PowerShell","1735","DESKTOP-PCML6D5","Error Message = The remote name could not be resolved: 'outlook.office365.com'
Fully Qualified Error ID = System.Net.WebException,Microsoft.PowerShell.Commands.InvokeWebRequestCommand


Context:
        Severity = Warning
        Host Name = ConsoleHost
        Host Version = 5.1.22621.4249
        Host ID = afa21db9-3e6a-47c7-8c44-68120777e3c4
        Host Application = C:\WINDOWS\System32\WindowsPowerShell\v1.0\powershell.exe
        Engine Version = 5.1.22621.4249
        Runspace ID = 3491d531-fcb8-4408-b7fa-79e2aaa4b21b
        Pipeline ID = 335
        Command Name = Invoke-WebRequest
        Command Type = Cmdlet
        Script Name = C:\Users\Ifean\AppData\Local\Temp\tmpEXO_3aaxdwt2.xkf\tmpEXO_3aaxdwt2.xkf.psm1
        Command Path = 
        Sequence Number = 24
        User = DESKTOP-PCML6D5\Ifean
        Connected User = 
        Shell ID = Microsoft.PowerShell


User Data:

"
"16/09/2026 13:32:27","4100","Warning","Microsoft-Windows-PowerShell","1734","DESKTOP-PCML6D5","Error Message = {""error"":{""code"":""BadRequest"",""message"":""Error executing cmdlet"",""details"":[{""code"":""Context"",""message"":""{\""Properties\"":{\""message\"":{\""Value\"":\""The command you tried to run isn't currently allowed in your organization. To run this command, you first need to run the command: Enable-OrganizationCustomization.\"",\""TypeAnnotation\"":null},\""type\"":{\""Value\"":\""Microsoft.Exchange.Configuration.Tasks.InvalidOperationInDehydratedContextException\"",\""TypeAnnotation\"":null},\""stacktrace\"":{\""TypeAnnotation\"":null}},\""Message\"":\""The command you tried to run isn't currently allowed in your organization. To run this command, you first need to run the command: Enable-OrganizationCustomization.\"",\""TypeName\"":\""Microsoft.Exchange.Configuration.Tasks.InvalidOperationInDehydratedContextException\"",\""StackTrace\"":null,\""InnerError\"":null}"",""target"":""AdminAuditLogConfig""}],""innererror"":{""message"":""Error executing cmdlet"",""type"":""Microsoft.Exchange.Admin.OData.Core.ODataServiceException"",""internalexception"":{""message"":""Exception of type 'Microsoft.Exchange.Management.PSDirectInvoke.DirectInvokeCmdletExecutionException' was thrown."",""type"":""Microsoft.Exchange.Management.PSDirectInvoke.DirectInvokeCmdletExecutionException""}},""adminapi.warnings@odata.type"":""#Collection(String)"",""@adminapi.warnings"":[]}}
Fully Qualified Error ID = WebCmdletWebResponseException,Microsoft.PowerShell.Commands.InvokeWebRequestCommand
Recommended Action = 


Context:
        Severity = Warning
        Host Name = ConsoleHost
        Host Version = 5.1.22621.4249
        Host ID = afa21db9-3e6a-47c7-8c44-68120777e3c4
        Host Application = C:\WINDOWS\System32\WindowsPowerShell\v1.0\powershell.exe
        Engine Version = 5.1.22621.4249
        Runspace ID = 3491d531-fcb8-4408-b7fa-79e2aaa4b21b
        Pipeline ID = 332
        Command Name = Invoke-WebRequest
        Command Type = Cmdlet
        Script Name = C:\Users\Ifean\AppData\Local\Temp\tmpEXO_3aaxdwt2.xkf\tmpEXO_3aaxdwt2.xkf.psm1
        Command Path = 
        Sequence Number = 23
        User = DESKTOP-PCML6D5\Ifean
        Connected User = 
        Shell ID = Microsoft.PowerShell


User Data:

"
"16/09/2026 13:27:45","4104","Warning","Microsoft-Windows-PowerShell","1733","DESKTOP-PCML6D5","Creating Scriptblock text (119 of 119):
-MailboxLocation"", ""Remove-MailboxPermission"", ""Remove-MailboxRestoreRequest"", ""Remove-MailboxSearch"", ""Remove-MailboxUserConfiguration"", ""Remove-MailContact"", ""Remove-MailUser"", ""Remove-MalwareFilterPolicy"", ""Remove-MalwareFilterRule"", ""Remove-ManagementRole"", ""Remove-ManagementRoleAssignment"", ""Remove-ManagementRoleEntry"", ""Remove-ManagementScope"", ""remove-MessageClassification"", ""Remove-MigrationBatch"", ""Remove-MigrationEndpoint"", ""Remove-MigrationPartition"", ""Remove-MigrationUser"", ""Remove-MobileDevice"", ""remove-MobileDeviceMailboxPolicy"", ""Remove-MoveRequest"", ""Remove-OnPremisesOrganization"", ""Remove-OrganizationRelationship"", ""Remove-OutboundConnector"", ""Remove-OutlookProtectionRule"", ""Remove-OwaMailboxPolicy"", ""Remove-PartnerApplication"", ""Remove-PhishSimOverridePolicy"", ""Remove-PlaceMailbox"", ""Remove-PublicFolder"", ""Remove-PublicFolderClientPermission"", ""Remove-PublicFolderMailboxMigrationRequest"", ""Remove-PublicFolderMoveRequest"", ""Remove-QuarantinePolicy"", ""Remove-RecipientPermission"", ""Remove-RemoteDomain"", ""Remove-ReportSchedule"", ""Remove-ReportSubmissionPolicy"", ""Remove-ReportSubmissionRule"", ""remove-RetentionPolicy"", ""Remove-RetentionPolicyTag"", ""Remove-RoleAssignmentPolicy"", ""Remove-RoleGroup"", ""Remove-RoleGroupMember"", ""Remove-SecOpsOverridePolicy"", ""Remove-ServicePrincipal"", ""Remove-SharingPolicy"", ""Remove-SweepRule"", ""Remove-SyncMailPublicFolder"", ""Remove-SyncRequest"", ""Remove-TenantAllowBlockListItems"", ""Remove-TenantAllowBlockListSpoofItems"", ""Remove-TenantScanRequest"", ""Remove-TransportRule"", ""Remove-UnifiedGroup"", ""Remove-UnifiedGroupLinks"", ""Reset-EventsFromEmailBlockStatus"", ""Resume-MailboxRestoreRequest"", ""Resume-MoveRequest"", ""Resume-PublicFolderMailboxMigrationRequest"", ""Resume-TenantScanRequest"", ""Revoke-ElevatedAccessAuthorization"", ""Rotate-DkimSigningConfig"", ""Search-MailboxAuditLog"", ""Search-MessageTrackingReport"", ""Search-UnifiedAuditLog"", ""Send-TextMessagingVerificationCode"", ""Set-AcceptedDomain"", ""Set-AccessToCustomerDataRequest"", ""Set-ActiveSyncDeviceAccessRule"", ""set-ActiveSyncMailboxPolicy"", ""Set-ActiveSyncOrganizationSettings"", ""Set-AdminAuditLogConfig"", ""Set-AntiPhishPolicy"", ""Set-AntiPhishRule"", ""Set-App"", ""Set-ApplicationAccessPolicy"", ""Set-ArcConfig"", ""Set-AuthenticationPolicy"", ""Set-AvailabilityConfig"", ""Set-BookingMailboxPermission"", ""Set-CalendarProcessing"", ""Set-CalendarSettings"", ""Set-CASMailbox"", ""Set-ClientAccessRule"", ""Set-Contact"", ""Set-CrossTenantRecallConfiguration"", ""Set-DataEncryptionPolicy"", ""Set-DistributionGroup"", ""Set-DkimSigningConfig"", ""Set-DynamicDistributionGroup"", ""Set-ElevatedAccessRequest"", ""Set-EmailAddressPolicy"", ""Set-EOPProtectionPolicyRule"", ""Set-EventsFromEmailConfiguration"", ""Set-ExoPhishSimOverrideRule"", ""Set-ExoSecOpsOverrideRule"", ""Set-ExternalInOutlook"", ""Set-FederatedOrganizationIdentifier"", ""Set-Group"", ""Set-HostedConnectionFilterPolicy"", ""Set-HostedContentFilterPolicy"", ""Set-HostedContentFilterRule"", ""Set-HostedOutboundSpamFilterPolicy"", ""Set-HostedOutboundSpamFilterRule"", ""Set-HVEAccountBillingPolicy"", ""Set-HVEAccountSettings"", ""Set-InboundConnector"", ""set-InboxRule"", ""Set-IntraOrganizationConnector"", ""Set-IRMConfiguration"", ""Set-JournalRule"", ""Set-LabelProperties"", ""Set-LdapDirectory"", ""set-LinkedUser"", ""Set-M365CrossTenantAccessPolicy"", ""Set-M365DataAtRestEncryptionPolicy"", ""Set-M365DataAtRestEncryptionPolicyAssignment"", ""Set-Mailbox"", ""Set-MailboxAuditBypassAssociation"", ""Set-MailboxAutoReplyConfiguration"", ""Set-MailboxCalendarConfiguration"", ""Set-MailboxCalendarFolder"", ""Set-MailboxFolder"", ""Set-MailboxFolderPermission"", ""Set-MailboxIRMAccess"", ""Set-MailboxJunkEmailConfiguration"", ""Set-MailboxLocation"", ""Set-MailboxMessageConfiguration"", ""Set-MailboxPlan"", ""Set-MailboxRegionalConfiguration"", ""Set-MailboxRestoreRequest"", ""Set-MailboxSearch"", ""Set-MailboxSpellingConfiguration"", ""Set-MailContact"", ""Set-MailPublicFolder"", ""set-MailUser"", ""Set-MalwareFilterPolicy"", ""Set-MalwareFilterRule"", ""Set-ManagementRoleAssignment"", ""Set-ManagementRoleEntry"", ""Set-ManagementScope"", ""Set-MeetingInsightsSettings"", ""Set-MessageClassification"", ""Set-MigrationBatch"", ""Set-MigrationConfig"", ""Set-MigrationEndpoint"", ""Set-MigrationUser"", ""set-MobileDeviceMailboxPolicy"", ""Set-MoveRequest"", ""Set-OMEConfiguration"", ""Set-OnPremisesOrganization"", ""Set-Organization"", ""Set-OrganizationConfig"", ""Set-OrganizationRelationship"", ""Set-OutboundConnector"", ""Set-OutlookProtectionRule"", ""Set-OwaMailboxPolicy"", ""Set-PartnerApplication"", ""Set-PerimeterConfig"", ""Set-PhishSimOverridePolicy"", ""Set-Place"", ""Set-PlaceMailbox"", ""Set-ProtectionServicePolicy"", ""Set-PublicFolder"", ""Set-PublicFolderMailboxMigrationRequest"", ""Set-QuarantinePermissions"", ""Set-QuarantinePolicy"", ""Set-RegulatoryComplianceUI"", ""Set-RemoteDomain"", ""Set-ReportSchedule"", ""Set-ReportSubmissionPolicy"", ""Set-ReportSubmissionRule"", ""Set-ResourceConfig"", ""set-RetentionPolicy"", ""Set-RetentionPolicyTag"", ""Set-RMSTemplate"", ""Set-RoleAssignmentPolicy"", ""Set-RoleGroup"", ""Set-SecOpsOverridePolicy"", ""set-ServicePrincipal"", ""Set-SharingPolicy"", ""Set-SmimeConfig"", ""Set-SweepRule"", ""Set-TenantAllowBlockListItems"", ""Set-TenantAllowBlockListSpoofItems"", ""Set-TenantMailFromAddress"", ""Set-TenantSettingCrossTenantAccessPolicy"", ""Set-TextMessagingAccount"", ""Set-TransportConfig"", ""Set-TransportRule"", ""Set-UnifiedAuditSetting"", ""Set-UnifiedGroup"", ""Set-User"", ""Start-AuditAssistant"", ""Start-HistoricalSearch"", ""Start-ManagedFolderAssistant"", ""Start-MigrationBatch"", ""Start-MigrationUser"", ""Start-TransportAsyncReport"", ""Stop-HistoricalSearch"", ""Stop-MigrationBatch"", ""Stop-MigrationUser"", ""Suspend-MailboxRestoreRequest"", ""Suspend-MoveRequest"", ""Suspend-PublicFolderMailboxMigrationRequest"", ""Sync-CrossTenantAccessPolicy"", ""Test-ApplicationAccessPolicy"", ""Test-ArchiveConnectivity"", ""Test-ClientAccessRule"", ""Test-DatabaseEvent"", ""Test-DataEncryptionPolicy"", ""Test-InformationBarrierPolicy"", ""Test-IRMConfiguration"", ""Test-M365DataAtRestEncryptionPolicy"", ""Test-MailboxAssistant"", ""Test-MAPIConnectivity"", ""Test-MigrationServerAvailability"", ""Test-OAuthConnectivity"", ""Test-OrganizationRelationship"", ""Test-ServicePrincipalAuthorization"", ""Test-StoreEndpoint"", ""Troubleshoot-AgendaMail"", ""Undo-SoftDeletedMailbox"", ""Undo-SoftDeletedUnifiedGroup"", ""Update-DistributionGroupMember"", ""Update-HybridConfiguration"", ""Update-MaskingIndex"", ""Update-PublicFolderMailbox"", ""Update-Recipient"", ""Update-RoleGroupMember"", ""Upgrade-DistributionGroup"", ""Validate-CrawlFilter"", ""Validate-OutboundConnector"", ""Validate-RetentionRuleQuery"", ""Write-AdminAuditLog"", ""set-CASMailboxPlan"", ""Get-Clutter"", ""Get-ExportedCustomerContent"", ""Get-FocusedInbox"", ""Set-Clutter"", ""Set-FocusedInbox"", ""Test-DlpPolicies"", ""Test-Message"")
Export-ModuleMember -Alias @()
Export-ModuleMember -Variable @('HelpFileNames')
##############################################################################
$TokenProviderObjectId = '80dfaff2-ccb4-43d2-89ca-fc941e26e4c8';
$ConnectionContextObjectId = 'c98d7c8e-2021-4730-ba39-ac6d8c34fe82';


ScriptBlock ID: 018a9215-941f-41fc-95c6-3cceee64c57b
Path: C:\Users\Ifean\AppData\Local\Temp\tmpEXO_3aaxdwt2.xkf\tmpEXO_3aaxdwt2.xkf.psm1"
